<?xml version="1.0" encoding="UTF-8"?>
<testng-results skipped="0" failed="0" ignored="0" total="2" passed="2">
  <reporter-output>
  </reporter-output>
  <suite name="Suite" duration-ms="19790" started-at="2018-04-21T17:02:22Z" finished-at="2018-04-21T17:02:42Z">
    <groups>
    </groups>
    <test name="Test" duration-ms="19790" started-at="2018-04-21T17:02:22Z" finished-at="2018-04-21T17:02:42Z">
      <class name="com.qa.tests.GoogleHomePage">
        <test-method status="PASS" signature="test()[pri:0, instance:com.qa.tests.GoogleHomePage@cb5822]" name="test" duration-ms="8691" started-at="2018-04-21T17:02:22Z" finished-at="2018-04-21T17:02:31Z">
          <reporter-output>
          </reporter-output>
        </test-method> <!-- test -->
      </class> <!-- com.qa.tests.GoogleHomePage -->
      <class name="com.qa.tests.MMPHomePage">
        <test-method status="PASS" signature="mmpTest()[pri:0, instance:com.qa.tests.MMPHomePage@4b9e13df]" name="mmpTest" duration-ms="11058" started-at="2018-04-21T17:02:31Z" finished-at="2018-04-21T17:02:42Z">
          <reporter-output>
          </reporter-output>
        </test-method> <!-- mmpTest -->
      </class> <!-- com.qa.tests.MMPHomePage -->
    </test> <!-- Test -->
  </suite> <!-- Suite -->
</testng-results>
